<?xml version="1.0" encoding="UTF-8"?>
<!-- Generated by org.testng.reporters.JUnitReportReporter -->
<testsuite skipped="0" hostname="DESKTOP-P7GQF8E" name="com.testScripts.Maven_Github.Scripts" tests="1" failures="0" timestamp="19 Jun 2018 03:59:29 GMT" time="0.036" errors="0">
  <testcase name="method" time="0.036" classname="com.testScripts.Maven_Github.Scripts"/>
</testsuite> <!-- com.testScripts.Maven_Github.Scripts -->
